<?xml version="1.0" encoding="UTF-8"?>
<!-- Generated by org.testng.reporters.JUnitReportReporter -->
<testsuite skipped="0" hostname="user-PC" name="tests.TestwithDataprovider" tests="3" failures="0" timestamp="2020-09-18T19:45:57 IST" time="140.920" errors="0">
  <testcase name="method2" time="72.262" classname="tests.TestwithDataprovider"/>
  <system-out/>
  <testcase name="method2" time="24.608" classname="tests.TestwithDataprovider"/>
  <system-out/>
  <testcase name="method2" time="44.050" classname="tests.TestwithDataprovider"/>
  <system-out/>
</testsuite> <!-- tests.TestwithDataprovider -->
